19:51:49.227 [main] INFO  f.FindhomeApplication - Starting FindhomeApplication on lvzhengdeMacBook-Pro.local with PID 23149 (/Users/a645661167/git/findhome/target/classes started by a645661167 in /Users/a645661167/git/findhome)
19:51:49.231 [main] INFO  f.FindhomeApplication - No active profile set, falling back to default profiles: default
19:51:49.484 [background-preinit] INFO  o.h.v.i.u.Version - HV000001: Hibernate Validator 5.3.5.Final
19:51:49.679 [main] INFO  o.s.b.c.e.AnnotationConfigEmbeddedWebApplicationContext - Refreshing org.springframework.boot.context.embedded.AnnotationConfigEmbeddedWebApplicationContext@c333c60: startup date [Wed Jun 26 19:51:49 CST 2019]; root of context hierarchy
19:51:50.771 [main] INFO  o.s.d.r.c.RepositoryConfigurationDelegate - Multiple Spring Data modules found, entering strict repository configuration mode!
19:51:50.892 [main] INFO  o.s.d.r.c.RepositoryConfigurationDelegate - Multiple Spring Data modules found, entering strict repository configuration mode!
19:51:50.936 [main] INFO  o.s.d.r.c.RepositoryConfigurationExtensionSupport - Spring Data Redis - Could not safely identify store assignment for repository candidate interface findhome.repository.SupportAddressRepository.
19:51:50.936 [main] INFO  o.s.d.r.c.RepositoryConfigurationExtensionSupport - Spring Data Redis - Could not safely identify store assignment for repository candidate interface findhome.repository.RoleRepository.
19:51:50.936 [main] INFO  o.s.d.r.c.RepositoryConfigurationExtensionSupport - Spring Data Redis - Could not safely identify store assignment for repository candidate interface findhome.repository.SubwayStationRepository.
19:51:50.937 [main] INFO  o.s.d.r.c.RepositoryConfigurationExtensionSupport - Spring Data Redis - Could not safely identify store assignment for repository candidate interface findhome.repository.HouseDetailRepository.
19:51:50.937 [main] INFO  o.s.d.r.c.RepositoryConfigurationExtensionSupport - Spring Data Redis - Could not safely identify store assignment for repository candidate interface findhome.repository.HouseRepository.
19:51:50.937 [main] INFO  o.s.d.r.c.RepositoryConfigurationExtensionSupport - Spring Data Redis - Could not safely identify store assignment for repository candidate interface findhome.repository.HousePictureRepository.
19:51:50.938 [main] INFO  o.s.d.r.c.RepositoryConfigurationExtensionSupport - Spring Data Redis - Could not safely identify store assignment for repository candidate interface findhome.repository.SubwayRepository.
19:51:50.938 [main] INFO  o.s.d.r.c.RepositoryConfigurationExtensionSupport - Spring Data Redis - Could not safely identify store assignment for repository candidate interface findhome.repository.UserRepository.
19:51:50.939 [main] INFO  o.s.d.r.c.RepositoryConfigurationExtensionSupport - Spring Data Redis - Could not safely identify store assignment for repository candidate interface findhome.repository.HouseSubscribeRespository.
19:51:50.939 [main] INFO  o.s.d.r.c.RepositoryConfigurationExtensionSupport - Spring Data Redis - Could not safely identify store assignment for repository candidate interface findhome.repository.HouseTagRepository.
19:51:51.375 [main] INFO  o.s.c.s.PostProcessorRegistrationDelegate$BeanPostProcessorChecker - Bean 'org.springframework.amqp.rabbit.annotation.RabbitBootstrapConfiguration' of type [org.springframework.amqp.rabbit.annotation.RabbitBootstrapConfiguration$$EnhancerBySpringCGLIB$$e59fe4b7] is not eligible for getting processed by all BeanPostProcessors (for example: not eligible for auto-proxying)
19:51:51.402 [main] INFO  o.s.c.s.PostProcessorRegistrationDelegate$BeanPostProcessorChecker - Bean 'org.springframework.kafka.annotation.KafkaBootstrapConfiguration' of type [org.springframework.kafka.annotation.KafkaBootstrapConfiguration$$EnhancerBySpringCGLIB$$f2e6380c] is not eligible for getting processed by all BeanPostProcessors (for example: not eligible for auto-proxying)
19:51:52.096 [main] INFO  o.s.b.c.e.t.TomcatEmbeddedServletContainer - Tomcat initialized with port(s): 7777 (http)
19:51:52.109 [main] INFO  o.a.c.c.StandardService - Starting service [Tomcat]
19:51:52.110 [main] INFO  o.a.c.c.StandardEngine - Starting Servlet Engine: Apache Tomcat/8.5.20
19:51:52.218 [localhost-startStop-1] INFO  o.a.c.c.C.[.[.[/] - Initializing Spring embedded WebApplicationContext
19:51:52.219 [localhost-startStop-1] INFO  o.s.w.c.ContextLoader - Root WebApplicationContext: initialization completed in 2539 ms
19:51:52.649 [localhost-startStop-1] INFO  o.s.b.w.s.FilterRegistrationBean - Mapping filter: 'characterEncodingFilter' to: [/*]
19:51:52.650 [localhost-startStop-1] INFO  o.s.b.w.s.FilterRegistrationBean - Mapping filter: 'springSessionRepositoryFilter' to: [/*]
19:51:52.650 [localhost-startStop-1] INFO  o.s.b.w.s.FilterRegistrationBean - Mapping filter: 'hiddenHttpMethodFilter' to: [/*]
19:51:52.650 [localhost-startStop-1] INFO  o.s.b.w.s.FilterRegistrationBean - Mapping filter: 'httpPutFormContentFilter' to: [/*]
19:51:52.650 [localhost-startStop-1] INFO  o.s.b.w.s.FilterRegistrationBean - Mapping filter: 'requestContextFilter' to: [/*]
19:51:52.651 [localhost-startStop-1] INFO  o.s.b.w.s.DelegatingFilterProxyRegistrationBean - Mapping filter: 'springSecurityFilterChain' to: [/*]
19:51:52.651 [localhost-startStop-1] INFO  o.s.b.w.s.ServletRegistrationBean - Mapping servlet: 'dispatcherServlet' to [/]
19:51:53.655 [main] INFO  o.s.o.j.LocalContainerEntityManagerFactoryBean - Building JPA container EntityManagerFactory for persistence unit 'default'
19:51:53.683 [main] INFO  o.h.j.i.u.LogHelper - HHH000204: Processing PersistenceUnitInfo [
	name: default
	...]
19:51:53.784 [main] INFO  o.h.Version - HHH000412: Hibernate Core {5.0.12.Final}
19:51:53.785 [main] INFO  o.h.c.Environment - HHH000206: hibernate.properties not found
19:51:53.787 [main] INFO  o.h.c.Environment - HHH000021: Bytecode provider name : javassist
19:51:53.839 [main] INFO  o.h.a.c.Version - HCANN000001: Hibernate Commons Annotations {5.0.1.Final}
19:51:54.010 [main] INFO  o.h.d.Dialect - HHH000400: Using dialect: org.hibernate.dialect.MySQL5Dialect
19:51:54.496 [main] INFO  o.s.o.j.LocalContainerEntityManagerFactoryBean - Initialized JPA EntityManagerFactory for persistence unit 'default'
19:51:54.870 [main] INFO  o.h.h.i.QueryTranslatorFactoryInitiator - HHH000397: Using ASTQueryTranslatorFactory
19:51:57.916 [main] INFO  o.s.s.w.DefaultSecurityFilterChain - Creating filter chain: org.springframework.security.web.util.matcher.AnyRequestMatcher@1, [org.springframework.security.web.context.request.async.WebAsyncManagerIntegrationFilter@71de1091, org.springframework.security.web.context.SecurityContextPersistenceFilter@7bd1098, org.springframework.security.web.header.HeaderWriterFilter@446dacf9, org.springframework.security.web.authentication.logout.LogoutFilter@c7c07ff, org.springframework.security.web.authentication.UsernamePasswordAuthenticationFilter@3892802b, org.springframework.security.web.savedrequest.RequestCacheAwareFilter@6a562255, org.springframework.security.web.servletapi.SecurityContextHolderAwareRequestFilter@8091d80, org.springframework.security.web.authentication.AnonymousAuthenticationFilter@25c16cf7, org.springframework.security.web.session.SessionManagementFilter@abf1816, org.springframework.security.web.access.ExceptionTranslationFilter@640a6d4b, org.springframework.security.web.access.intercept.FilterSecurityInterceptor@770cbe5d]
19:51:58.080 [main] INFO  o.s.w.s.m.m.a.RequestMappingHandlerAdapter - Looking for @ControllerAdvice: org.springframework.boot.context.embedded.AnnotationConfigEmbeddedWebApplicationContext@c333c60: startup date [Wed Jun 26 19:51:49 CST 2019]; root of context hierarchy
19:51:58.178 [main] INFO  o.s.w.s.m.m.a.RequestMappingHandlerMapping - Mapped "{[/ || /index],methods=[GET]}" onto public java.lang.String findhome.controller.HomeController.index(org.springframework.ui.Model)
19:51:58.180 [main] INFO  o.s.w.s.m.m.a.RequestMappingHandlerMapping - Mapped "{[/404],methods=[GET]}" onto public java.lang.String findhome.controller.HomeController.notFoundPage()
19:51:58.180 [main] INFO  o.s.w.s.m.m.a.RequestMappingHandlerMapping - Mapped "{[/500],methods=[GET]}" onto public java.lang.String findhome.controller.HomeController.internalError()
19:51:58.181 [main] INFO  o.s.w.s.m.m.a.RequestMappingHandlerMapping - Mapped "{[/logout/page],methods=[GET]}" onto public java.lang.String findhome.controller.HomeController.logoutPage()
19:51:58.181 [main] INFO  o.s.w.s.m.m.a.RequestMappingHandlerMapping - Mapped "{[/sms/code],methods=[GET]}" onto public findhome.base.ApiResponse findhome.controller.HomeController.smsCode(java.lang.String)
19:51:58.181 [main] INFO  o.s.w.s.m.m.a.RequestMappingHandlerMapping - Mapped "{[/403],methods=[GET]}" onto public java.lang.String findhome.controller.HomeController.accessError()
19:51:58.188 [main] INFO  o.s.w.s.m.m.a.RequestMappingHandlerMapping - Mapped "{[/admin/user/{userId}],methods=[GET]}" onto public findhome.base.ApiResponse findhome.controller.admin.AdminController.getUserInfo(java.lang.Long)
19:51:58.188 [main] INFO  o.s.w.s.m.m.a.RequestMappingHandlerMapping - Mapped "{[/admin/center],methods=[GET]}" onto public java.lang.String findhome.controller.admin.AdminController.center(org.springframework.ui.ModelMap)
19:51:58.188 [main] INFO  o.s.w.s.m.m.a.RequestMappingHandlerMapping - Mapped "{[/admin/welcome],methods=[GET]}" onto public java.lang.String findhome.controller.admin.AdminController.welcome()
19:51:58.189 [main] INFO  o.s.w.s.m.m.a.RequestMappingHandlerMapping - Mapped "{[/admin/login],methods=[GET]}" onto public java.lang.String findhome.controller.admin.AdminController.login()
19:51:58.189 [main] INFO  o.s.w.s.m.m.a.RequestMappingHandlerMapping - Mapped "{[/admin/house/list],methods=[GET]}" onto public java.lang.String findhome.controller.admin.AdminController.houseListPage()
19:51:58.189 [main] INFO  o.s.w.s.m.m.a.RequestMappingHandlerMapping - Mapped "{[/admin/houses],methods=[POST]}" onto public findhome.base.ApiDataTableResponse findhome.controller.admin.AdminController.houses(findhome.web.form.DatatableSearch)
19:51:58.189 [main] INFO  o.s.w.s.m.m.a.RequestMappingHandlerMapping - Mapped "{[/admin/add/house],methods=[GET]}" onto public java.lang.String findhome.controller.admin.AdminController.addHousePage()
19:51:58.189 [main] INFO  o.s.w.s.m.m.a.RequestMappingHandlerMapping - Mapped "{[/admin/upload/photo],methods=[POST],consumes=[multipart/form-data]}" onto public findhome.base.ApiResponse findhome.controller.admin.AdminController.uploadPhoto(org.springframework.web.multipart.MultipartFile)
19:51:58.190 [main] INFO  o.s.w.s.m.m.a.RequestMappingHandlerMapping - Mapped "{[/admin/add/house],methods=[POST]}" onto public findhome.base.ApiResponse findhome.controller.admin.AdminController.addHouse(findhome.web.form.HouseForm,org.springframework.validation.BindingResult)
19:51:58.190 [main] INFO  o.s.w.s.m.m.a.RequestMappingHandlerMapping - Mapped "{[/admin/house/edit],methods=[GET]}" onto public java.lang.String findhome.controller.admin.AdminController.houseEditPage(java.lang.Long,org.springframework.ui.Model)
19:51:58.190 [main] INFO  o.s.w.s.m.m.a.RequestMappingHandlerMapping - Mapped "{[/admin/house/edit],methods=[POST]}" onto public findhome.base.ApiResponse findhome.controller.admin.AdminController.saveHouse(findhome.web.form.HouseForm,org.springframework.validation.BindingResult)
19:51:58.190 [main] INFO  o.s.w.s.m.m.a.RequestMappingHandlerMapping - Mapped "{[/admin/house/photo],methods=[DELETE]}" onto public findhome.base.ApiResponse findhome.controller.admin.AdminController.removeHousePhoto(java.lang.Long)
19:51:58.191 [main] INFO  o.s.w.s.m.m.a.RequestMappingHandlerMapping - Mapped "{[/admin/house/cover],methods=[POST]}" onto public findhome.base.ApiResponse findhome.controller.admin.AdminController.updateCover(java.lang.Long,java.lang.Long)
19:51:58.191 [main] INFO  o.s.w.s.m.m.a.RequestMappingHandlerMapping - Mapped "{[/admin/house/tag],methods=[POST]}" onto public findhome.base.ApiResponse findhome.controller.admin.AdminController.addHouseTag(java.lang.Long,java.lang.String)
19:51:58.191 [main] INFO  o.s.w.s.m.m.a.RequestMappingHandlerMapping - Mapped "{[/admin/house/tag],methods=[DELETE]}" onto public findhome.base.ApiResponse findhome.controller.admin.AdminController.removeHouseTag(java.lang.Long,java.lang.String)
19:51:58.191 [main] INFO  o.s.w.s.m.m.a.RequestMappingHandlerMapping - Mapped "{[/admin/house/operate/{id}/{operation}],methods=[PUT]}" onto public findhome.base.ApiResponse findhome.controller.admin.AdminController.operateHouse(java.lang.Long,int)
19:51:58.191 [main] INFO  o.s.w.s.m.m.a.RequestMappingHandlerMapping - Mapped "{[/admin/house/subscribe],methods=[GET]}" onto public java.lang.String findhome.controller.admin.AdminController.houseSubscribe()
19:51:58.192 [main] INFO  o.s.w.s.m.m.a.RequestMappingHandlerMapping - Mapped "{[/admin/house/subscribe/list],methods=[GET]}" onto public findhome.base.ApiResponse findhome.controller.admin.AdminController.subscribeList(int,int,int)
19:51:58.192 [main] INFO  o.s.w.s.m.m.a.RequestMappingHandlerMapping - Mapped "{[/admin/finish/subscribe],methods=[POST]}" onto public findhome.base.ApiResponse findhome.controller.admin.AdminController.finishSubscribe(java.lang.Long)
19:51:58.195 [main] INFO  o.s.w.s.m.m.a.RequestMappingHandlerMapping - Mapped "{[/address/support/cities],methods=[GET]}" onto public findhome.base.ApiResponse findhome.controller.house.HouseController.getSupportCities()
19:51:58.195 [main] INFO  o.s.w.s.m.m.a.RequestMappingHandlerMapping - Mapped "{[/address/support/regions],methods=[GET]}" onto public findhome.base.ApiResponse findhome.controller.house.HouseController.getSupportRegions(java.lang.String)
19:51:58.195 [main] INFO  o.s.w.s.m.m.a.RequestMappingHandlerMapping - Mapped "{[/address/support/subway/line],methods=[GET]}" onto public findhome.base.ApiResponse findhome.controller.house.HouseController.getSupportSubwayLine(java.lang.String)
19:51:58.195 [main] INFO  o.s.w.s.m.m.a.RequestMappingHandlerMapping - Mapped "{[/address/support/subway/station],methods=[GET]}" onto public findhome.base.ApiResponse findhome.controller.house.HouseController.getSupportSubwayStation(java.lang.Long)
19:51:58.196 [main] INFO  o.s.w.s.m.m.a.RequestMappingHandlerMapping - Mapped "{[/rent/house],methods=[GET]}" onto public java.lang.String findhome.controller.house.HouseController.rentHousePage(findhome.web.form.RentSearch,org.springframework.ui.Model,javax.servlet.http.HttpSession,org.springframework.web.servlet.mvc.support.RedirectAttributes)
19:51:58.196 [main] INFO  o.s.w.s.m.m.a.RequestMappingHandlerMapping - Mapped "{[/rent/house/show/{id}],methods=[GET]}" onto public java.lang.String findhome.controller.house.HouseController.show(java.lang.Long,org.springframework.ui.Model)
19:51:58.196 [main] INFO  o.s.w.s.m.m.a.RequestMappingHandlerMapping - Mapped "{[/user/login],methods=[GET]}" onto public java.lang.String findhome.controller.user.UserController.loginPage()
19:51:58.197 [main] INFO  o.s.w.s.m.m.a.RequestMappingHandlerMapping - Mapped "{[/user/center],methods=[GET]}" onto public java.lang.String findhome.controller.user.UserController.centerPage()
19:51:58.199 [main] INFO  o.s.w.s.m.m.a.RequestMappingHandlerMapping - Mapped "{[/error]}" onto public org.springframework.http.ResponseEntity<java.util.Map<java.lang.String, java.lang.Object>> org.springframework.boot.autoconfigure.web.BasicErrorController.error(javax.servlet.http.HttpServletRequest)
19:51:58.199 [main] INFO  o.s.w.s.m.m.a.RequestMappingHandlerMapping - Mapped "{[/error],produces=[text/html]}" onto public org.springframework.web.servlet.ModelAndView org.springframework.boot.autoconfigure.web.BasicErrorController.errorHtml(javax.servlet.http.HttpServletRequest,javax.servlet.http.HttpServletResponse)
19:51:58.252 [main] INFO  o.s.w.s.h.SimpleUrlHandlerMapping - Mapped URL path [/webjars/**] onto handler of type [class org.springframework.web.servlet.resource.ResourceHttpRequestHandler]
19:51:58.252 [main] INFO  o.s.w.s.h.SimpleUrlHandlerMapping - Mapped URL path [/static/**] onto handler of type [class org.springframework.web.servlet.resource.ResourceHttpRequestHandler]
19:51:58.346 [main] INFO  o.s.w.s.h.SimpleUrlHandlerMapping - Mapped URL path [/**/favicon.ico] onto handler of type [class org.springframework.web.servlet.resource.ResourceHttpRequestHandler]
19:51:59.320 [main] INFO  o.s.j.e.a.AnnotationMBeanExporter - Registering beans for JMX exposure on startup
19:51:59.328 [main] INFO  o.s.j.e.a.AnnotationMBeanExporter - Bean with name 'rabbitConnectionFactory' has been autodetected for JMX exposure
19:51:59.332 [main] INFO  o.s.j.e.a.AnnotationMBeanExporter - Located managed bean 'rabbitConnectionFactory': registering with JMX server as MBean [org.springframework.amqp.rabbit.connection:name=rabbitConnectionFactory,type=CachingConnectionFactory]
19:51:59.383 [main] INFO  o.s.c.s.DefaultLifecycleProcessor - Starting beans in phase 2147483647
19:51:59.446 [SimpleAsyncTaskExecutor-1] INFO  o.s.a.r.c.CachingConnectionFactory - Created new connection: rabbitConnectionFactory#7a3f95eb:0/SimpleConnection@f921486 [delegate=amqp://guest@127.0.0.1:5672/, localPort= 55308]
19:51:59.503 [main] INFO  o.s.s.a.ScheduledAnnotationBeanPostProcessor - No TaskScheduler/ScheduledExecutorService bean found for scheduled processing
19:51:59.513 [main] INFO  o.a.c.h.Http11NioProtocol - Initializing ProtocolHandler ["http-nio-7777"]
19:51:59.520 [main] INFO  o.a.c.h.Http11NioProtocol - Starting ProtocolHandler ["http-nio-7777"]
19:51:59.525 [main] INFO  o.a.t.u.n.NioSelectorPool - Using a shared selector for servlet write/read
19:51:59.544 [main] INFO  o.s.b.c.e.t.TomcatEmbeddedServletContainer - Tomcat started on port(s): 7777 (http)
19:51:59.549 [main] INFO  f.FindhomeApplication - Started FindhomeApplication in 11.438 seconds (JVM running for 12.724)
19:52:11.811 [http-nio-7777-exec-1] INFO  o.a.c.c.C.[.[.[/] - Initializing Spring FrameworkServlet 'dispatcherServlet'
19:52:11.812 [http-nio-7777-exec-1] INFO  o.s.w.s.DispatcherServlet - FrameworkServlet 'dispatcherServlet': initialization started
19:52:11.850 [http-nio-7777-exec-1] INFO  o.s.w.s.DispatcherServlet - FrameworkServlet 'dispatcherServlet': initialization completed in 38 ms
19:55:35.610 [Thread-29] INFO  o.s.b.c.e.AnnotationConfigEmbeddedWebApplicationContext - Closing org.springframework.boot.context.embedded.AnnotationConfigEmbeddedWebApplicationContext@c333c60: startup date [Wed Jun 26 19:51:49 CST 2019]; root of context hierarchy
19:55:35.620 [Thread-29] INFO  o.s.c.s.DefaultLifecycleProcessor - Stopping beans in phase 2147483647
19:55:35.629 [Thread-29] INFO  o.s.a.r.l.SimpleMessageListenerContainer - Waiting for workers to finish.
19:55:36.179 [Thread-29] INFO  o.s.a.r.l.SimpleMessageListenerContainer - Successfully waited for workers to finish.
19:55:36.179 [Thread-29] INFO  o.s.c.s.DefaultLifecycleProcessor - Stopping beans in phase 0
19:55:36.185 [Thread-29] INFO  o.s.j.e.a.AnnotationMBeanExporter - Unregistering JMX-exposed beans on shutdown
19:55:36.186 [Thread-29] INFO  o.s.j.e.a.AnnotationMBeanExporter - Unregistering JMX-exposed beans
19:55:38.090 [Thread-29] INFO  o.s.o.j.LocalContainerEntityManagerFactoryBean - Closing JPA EntityManagerFactory for persistence unit 'default'
19:55:43.445 [main] INFO  f.FindhomeApplication - Starting FindhomeApplication on lvzhengdeMacBook-Pro.local with PID 24062 (/Users/a645661167/git/findhome/target/classes started by a645661167 in /Users/a645661167/git/findhome)
19:55:43.460 [main] INFO  f.FindhomeApplication - No active profile set, falling back to default profiles: default
19:55:43.598 [background-preinit] INFO  o.h.v.i.u.Version - HV000001: Hibernate Validator 5.3.5.Final
19:55:43.798 [main] INFO  o.s.b.c.e.AnnotationConfigEmbeddedWebApplicationContext - Refreshing org.springframework.boot.context.embedded.AnnotationConfigEmbeddedWebApplicationContext@c333c60: startup date [Wed Jun 26 19:55:43 CST 2019]; root of context hierarchy
19:55:44.572 [main] INFO  o.s.d.r.c.RepositoryConfigurationDelegate - Multiple Spring Data modules found, entering strict repository configuration mode!
19:55:44.659 [main] INFO  o.s.d.r.c.RepositoryConfigurationDelegate - Multiple Spring Data modules found, entering strict repository configuration mode!
19:55:44.709 [main] INFO  o.s.d.r.c.RepositoryConfigurationExtensionSupport - Spring Data Redis - Could not safely identify store assignment for repository candidate interface findhome.repository.SupportAddressRepository.
19:55:44.710 [main] INFO  o.s.d.r.c.RepositoryConfigurationExtensionSupport - Spring Data Redis - Could not safely identify store assignment for repository candidate interface findhome.repository.RoleRepository.
19:55:44.710 [main] INFO  o.s.d.r.c.RepositoryConfigurationExtensionSupport - Spring Data Redis - Could not safely identify store assignment for repository candidate interface findhome.repository.SubwayStationRepository.
19:55:44.710 [main] INFO  o.s.d.r.c.RepositoryConfigurationExtensionSupport - Spring Data Redis - Could not safely identify store assignment for repository candidate interface findhome.repository.HouseDetailRepository.
19:55:44.711 [main] INFO  o.s.d.r.c.RepositoryConfigurationExtensionSupport - Spring Data Redis - Could not safely identify store assignment for repository candidate interface findhome.repository.HouseRepository.
19:55:44.711 [main] INFO  o.s.d.r.c.RepositoryConfigurationExtensionSupport - Spring Data Redis - Could not safely identify store assignment for repository candidate interface findhome.repository.HousePictureRepository.
19:55:44.711 [main] INFO  o.s.d.r.c.RepositoryConfigurationExtensionSupport - Spring Data Redis - Could not safely identify store assignment for repository candidate interface findhome.repository.SubwayRepository.
19:55:44.712 [main] INFO  o.s.d.r.c.RepositoryConfigurationExtensionSupport - Spring Data Redis - Could not safely identify store assignment for repository candidate interface findhome.repository.UserRepository.
19:55:44.712 [main] INFO  o.s.d.r.c.RepositoryConfigurationExtensionSupport - Spring Data Redis - Could not safely identify store assignment for repository candidate interface findhome.repository.HouseSubscribeRespository.
19:55:44.713 [main] INFO  o.s.d.r.c.RepositoryConfigurationExtensionSupport - Spring Data Redis - Could not safely identify store assignment for repository candidate interface findhome.repository.HouseTagRepository.
19:55:45.054 [main] INFO  o.s.c.s.PostProcessorRegistrationDelegate$BeanPostProcessorChecker - Bean 'org.springframework.amqp.rabbit.annotation.RabbitBootstrapConfiguration' of type [org.springframework.amqp.rabbit.annotation.RabbitBootstrapConfiguration$$EnhancerBySpringCGLIB$$e59fe4b7] is not eligible for getting processed by all BeanPostProcessors (for example: not eligible for auto-proxying)
19:55:45.072 [main] INFO  o.s.c.s.PostProcessorRegistrationDelegate$BeanPostProcessorChecker - Bean 'org.springframework.kafka.annotation.KafkaBootstrapConfiguration' of type [org.springframework.kafka.annotation.KafkaBootstrapConfiguration$$EnhancerBySpringCGLIB$$f2e6380c] is not eligible for getting processed by all BeanPostProcessors (for example: not eligible for auto-proxying)
19:55:45.451 [main] INFO  o.s.b.c.e.t.TomcatEmbeddedServletContainer - Tomcat initialized with port(s): 7777 (http)
19:55:45.459 [main] INFO  o.a.c.c.StandardService - Starting service [Tomcat]
19:55:45.460 [main] INFO  o.a.c.c.StandardEngine - Starting Servlet Engine: Apache Tomcat/8.5.20
19:55:45.545 [localhost-startStop-1] INFO  o.a.c.c.C.[.[.[/] - Initializing Spring embedded WebApplicationContext
19:55:45.545 [localhost-startStop-1] INFO  o.s.w.c.ContextLoader - Root WebApplicationContext: initialization completed in 1747 ms
19:55:45.826 [localhost-startStop-1] INFO  o.s.b.w.s.FilterRegistrationBean - Mapping filter: 'characterEncodingFilter' to: [/*]
19:55:45.826 [localhost-startStop-1] INFO  o.s.b.w.s.FilterRegistrationBean - Mapping filter: 'springSessionRepositoryFilter' to: [/*]
19:55:45.827 [localhost-startStop-1] INFO  o.s.b.w.s.FilterRegistrationBean - Mapping filter: 'hiddenHttpMethodFilter' to: [/*]
19:55:45.827 [localhost-startStop-1] INFO  o.s.b.w.s.FilterRegistrationBean - Mapping filter: 'httpPutFormContentFilter' to: [/*]
19:55:45.827 [localhost-startStop-1] INFO  o.s.b.w.s.FilterRegistrationBean - Mapping filter: 'requestContextFilter' to: [/*]
19:55:45.828 [localhost-startStop-1] INFO  o.s.b.w.s.DelegatingFilterProxyRegistrationBean - Mapping filter: 'springSecurityFilterChain' to: [/*]
19:55:45.828 [localhost-startStop-1] INFO  o.s.b.w.s.ServletRegistrationBean - Mapping servlet: 'dispatcherServlet' to [/]
19:55:46.417 [main] INFO  o.s.o.j.LocalContainerEntityManagerFactoryBean - Building JPA container EntityManagerFactory for persistence unit 'default'
19:55:46.429 [main] INFO  o.h.j.i.u.LogHelper - HHH000204: Processing PersistenceUnitInfo [
	name: default
	...]
19:55:46.468 [main] INFO  o.h.Version - HHH000412: Hibernate Core {5.0.12.Final}
19:55:46.469 [main] INFO  o.h.c.Environment - HHH000206: hibernate.properties not found
19:55:46.470 [main] INFO  o.h.c.Environment - HHH000021: Bytecode provider name : javassist
19:55:46.493 [main] INFO  o.h.a.c.Version - HCANN000001: Hibernate Commons Annotations {5.0.1.Final}
19:55:46.612 [main] INFO  o.h.d.Dialect - HHH000400: Using dialect: org.hibernate.dialect.MySQL5Dialect
19:55:46.948 [main] INFO  o.s.o.j.LocalContainerEntityManagerFactoryBean - Initialized JPA EntityManagerFactory for persistence unit 'default'
19:55:47.240 [main] INFO  o.h.h.i.QueryTranslatorFactoryInitiator - HHH000397: Using ASTQueryTranslatorFactory
19:55:49.300 [main] INFO  o.s.s.w.DefaultSecurityFilterChain - Creating filter chain: org.springframework.security.web.util.matcher.AnyRequestMatcher@1, [org.springframework.security.web.context.request.async.WebAsyncManagerIntegrationFilter@71de1091, org.springframework.security.web.context.SecurityContextPersistenceFilter@7bd1098, org.springframework.security.web.header.HeaderWriterFilter@446dacf9, org.springframework.security.web.authentication.logout.LogoutFilter@c7c07ff, org.springframework.security.web.authentication.UsernamePasswordAuthenticationFilter@3892802b, org.springframework.security.web.savedrequest.RequestCacheAwareFilter@6a562255, org.springframework.security.web.servletapi.SecurityContextHolderAwareRequestFilter@8091d80, org.springframework.security.web.authentication.AnonymousAuthenticationFilter@25c16cf7, org.springframework.security.web.session.SessionManagementFilter@abf1816, org.springframework.security.web.access.ExceptionTranslationFilter@640a6d4b, org.springframework.security.web.access.intercept.FilterSecurityInterceptor@770cbe5d]
19:55:49.490 [main] INFO  o.s.w.s.m.m.a.RequestMappingHandlerAdapter - Looking for @ControllerAdvice: org.springframework.boot.context.embedded.AnnotationConfigEmbeddedWebApplicationContext@c333c60: startup date [Wed Jun 26 19:55:43 CST 2019]; root of context hierarchy
19:55:49.608 [main] INFO  o.s.w.s.m.m.a.RequestMappingHandlerMapping - Mapped "{[/ || /index],methods=[GET]}" onto public java.lang.String findhome.controller.HomeController.index(org.springframework.ui.Model)
19:55:49.609 [main] INFO  o.s.w.s.m.m.a.RequestMappingHandlerMapping - Mapped "{[/403],methods=[GET]}" onto public java.lang.String findhome.controller.HomeController.accessError()
19:55:49.609 [main] INFO  o.s.w.s.m.m.a.RequestMappingHandlerMapping - Mapped "{[/404],methods=[GET]}" onto public java.lang.String findhome.controller.HomeController.notFoundPage()
19:55:49.610 [main] INFO  o.s.w.s.m.m.a.RequestMappingHandlerMapping - Mapped "{[/500],methods=[GET]}" onto public java.lang.String findhome.controller.HomeController.internalError()
19:55:49.610 [main] INFO  o.s.w.s.m.m.a.RequestMappingHandlerMapping - Mapped "{[/logout/page],methods=[GET]}" onto public java.lang.String findhome.controller.HomeController.logoutPage()
19:55:49.610 [main] INFO  o.s.w.s.m.m.a.RequestMappingHandlerMapping - Mapped "{[/sms/code],methods=[GET]}" onto public findhome.base.ApiResponse findhome.controller.HomeController.smsCode(java.lang.String)
19:55:49.617 [main] INFO  o.s.w.s.m.m.a.RequestMappingHandlerMapping - Mapped "{[/admin/user/{userId}],methods=[GET]}" onto public findhome.base.ApiResponse findhome.controller.admin.AdminController.getUserInfo(java.lang.Long)
19:55:49.618 [main] INFO  o.s.w.s.m.m.a.RequestMappingHandlerMapping - Mapped "{[/admin/center],methods=[GET]}" onto public java.lang.String findhome.controller.admin.AdminController.center(org.springframework.ui.ModelMap)
19:55:49.618 [main] INFO  o.s.w.s.m.m.a.RequestMappingHandlerMapping - Mapped "{[/admin/welcome],methods=[GET]}" onto public java.lang.String findhome.controller.admin.AdminController.welcome()
19:55:49.618 [main] INFO  o.s.w.s.m.m.a.RequestMappingHandlerMapping - Mapped "{[/admin/login],methods=[GET]}" onto public java.lang.String findhome.controller.admin.AdminController.login()
19:55:49.618 [main] INFO  o.s.w.s.m.m.a.RequestMappingHandlerMapping - Mapped "{[/admin/house/list],methods=[GET]}" onto public java.lang.String findhome.controller.admin.AdminController.houseListPage()
19:55:49.618 [main] INFO  o.s.w.s.m.m.a.RequestMappingHandlerMapping - Mapped "{[/admin/houses],methods=[POST]}" onto public findhome.base.ApiDataTableResponse findhome.controller.admin.AdminController.houses(findhome.web.form.DatatableSearch)
19:55:49.619 [main] INFO  o.s.w.s.m.m.a.RequestMappingHandlerMapping - Mapped "{[/admin/add/house],methods=[GET]}" onto public java.lang.String findhome.controller.admin.AdminController.addHousePage()
19:55:49.619 [main] INFO  o.s.w.s.m.m.a.RequestMappingHandlerMapping - Mapped "{[/admin/upload/photo],methods=[POST],consumes=[multipart/form-data]}" onto public findhome.base.ApiResponse findhome.controller.admin.AdminController.uploadPhoto(org.springframework.web.multipart.MultipartFile)
19:55:49.619 [main] INFO  o.s.w.s.m.m.a.RequestMappingHandlerMapping - Mapped "{[/admin/add/house],methods=[POST]}" onto public findhome.base.ApiResponse findhome.controller.admin.AdminController.addHouse(findhome.web.form.HouseForm,org.springframework.validation.BindingResult)
19:55:49.619 [main] INFO  o.s.w.s.m.m.a.RequestMappingHandlerMapping - Mapped "{[/admin/house/edit],methods=[GET]}" onto public java.lang.String findhome.controller.admin.AdminController.houseEditPage(java.lang.Long,org.springframework.ui.Model)
19:55:49.620 [main] INFO  o.s.w.s.m.m.a.RequestMappingHandlerMapping - Mapped "{[/admin/house/edit],methods=[POST]}" onto public findhome.base.ApiResponse findhome.controller.admin.AdminController.saveHouse(findhome.web.form.HouseForm,org.springframework.validation.BindingResult)
19:55:49.620 [main] INFO  o.s.w.s.m.m.a.RequestMappingHandlerMapping - Mapped "{[/admin/house/photo],methods=[DELETE]}" onto public findhome.base.ApiResponse findhome.controller.admin.AdminController.removeHousePhoto(java.lang.Long)
19:55:49.620 [main] INFO  o.s.w.s.m.m.a.RequestMappingHandlerMapping - Mapped "{[/admin/house/cover],methods=[POST]}" onto public findhome.base.ApiResponse findhome.controller.admin.AdminController.updateCover(java.lang.Long,java.lang.Long)
19:55:49.620 [main] INFO  o.s.w.s.m.m.a.RequestMappingHandlerMapping - Mapped "{[/admin/house/tag],methods=[POST]}" onto public findhome.base.ApiResponse findhome.controller.admin.AdminController.addHouseTag(java.lang.Long,java.lang.String)
19:55:49.621 [main] INFO  o.s.w.s.m.m.a.RequestMappingHandlerMapping - Mapped "{[/admin/house/tag],methods=[DELETE]}" onto public findhome.base.ApiResponse findhome.controller.admin.AdminController.removeHouseTag(java.lang.Long,java.lang.String)
19:55:49.621 [main] INFO  o.s.w.s.m.m.a.RequestMappingHandlerMapping - Mapped "{[/admin/house/operate/{id}/{operation}],methods=[PUT]}" onto public findhome.base.ApiResponse findhome.controller.admin.AdminController.operateHouse(java.lang.Long,int)
19:55:49.621 [main] INFO  o.s.w.s.m.m.a.RequestMappingHandlerMapping - Mapped "{[/admin/house/subscribe],methods=[GET]}" onto public java.lang.String findhome.controller.admin.AdminController.houseSubscribe()
19:55:49.621 [main] INFO  o.s.w.s.m.m.a.RequestMappingHandlerMapping - Mapped "{[/admin/house/subscribe/list],methods=[GET]}" onto public findhome.base.ApiResponse findhome.controller.admin.AdminController.subscribeList(int,int,int)
19:55:49.622 [main] INFO  o.s.w.s.m.m.a.RequestMappingHandlerMapping - Mapped "{[/admin/finish/subscribe],methods=[POST]}" onto public findhome.base.ApiResponse findhome.controller.admin.AdminController.finishSubscribe(java.lang.Long)
19:55:49.625 [main] INFO  o.s.w.s.m.m.a.RequestMappingHandlerMapping - Mapped "{[/address/support/cities],methods=[GET]}" onto public findhome.base.ApiResponse findhome.controller.house.HouseController.getSupportCities()
19:55:49.625 [main] INFO  o.s.w.s.m.m.a.RequestMappingHandlerMapping - Mapped "{[/address/support/regions],methods=[GET]}" onto public findhome.base.ApiResponse findhome.controller.house.HouseController.getSupportRegions(java.lang.String)
19:55:49.626 [main] INFO  o.s.w.s.m.m.a.RequestMappingHandlerMapping - Mapped "{[/address/support/subway/line],methods=[GET]}" onto public findhome.base.ApiResponse findhome.controller.house.HouseController.getSupportSubwayLine(java.lang.String)
19:55:49.626 [main] INFO  o.s.w.s.m.m.a.RequestMappingHandlerMapping - Mapped "{[/address/support/subway/station],methods=[GET]}" onto public findhome.base.ApiResponse findhome.controller.house.HouseController.getSupportSubwayStation(java.lang.Long)
19:55:49.626 [main] INFO  o.s.w.s.m.m.a.RequestMappingHandlerMapping - Mapped "{[/rent/house],methods=[GET]}" onto public java.lang.String findhome.controller.house.HouseController.rentHousePage(findhome.web.form.RentSearch,org.springframework.ui.Model,javax.servlet.http.HttpSession,org.springframework.web.servlet.mvc.support.RedirectAttributes)
19:55:49.626 [main] INFO  o.s.w.s.m.m.a.RequestMappingHandlerMapping - Mapped "{[/rent/house/show/{id}],methods=[GET]}" onto public java.lang.String findhome.controller.house.HouseController.show(java.lang.Long,org.springframework.ui.Model)
19:55:49.627 [main] INFO  o.s.w.s.m.m.a.RequestMappingHandlerMapping - Mapped "{[/user/login],methods=[GET]}" onto public java.lang.String findhome.controller.user.UserController.loginPage()
19:55:49.627 [main] INFO  o.s.w.s.m.m.a.RequestMappingHandlerMapping - Mapped "{[/user/center],methods=[GET]}" onto public java.lang.String findhome.controller.user.UserController.centerPage()
19:55:49.630 [main] INFO  o.s.w.s.m.m.a.RequestMappingHandlerMapping - Mapped "{[/error]}" onto public org.springframework.http.ResponseEntity<java.util.Map<java.lang.String, java.lang.Object>> org.springframework.boot.autoconfigure.web.BasicErrorController.error(javax.servlet.http.HttpServletRequest)
19:55:49.630 [main] INFO  o.s.w.s.m.m.a.RequestMappingHandlerMapping - Mapped "{[/error],produces=[text/html]}" onto public org.springframework.web.servlet.ModelAndView org.springframework.boot.autoconfigure.web.BasicErrorController.errorHtml(javax.servlet.http.HttpServletRequest,javax.servlet.http.HttpServletResponse)
19:55:49.667 [main] INFO  o.s.w.s.h.SimpleUrlHandlerMapping - Mapped URL path [/webjars/**] onto handler of type [class org.springframework.web.servlet.resource.ResourceHttpRequestHandler]
19:55:49.667 [main] INFO  o.s.w.s.h.SimpleUrlHandlerMapping - Mapped URL path [/static/**] onto handler of type [class org.springframework.web.servlet.resource.ResourceHttpRequestHandler]
19:55:49.708 [main] INFO  o.s.w.s.h.SimpleUrlHandlerMapping - Mapped URL path [/**/favicon.ico] onto handler of type [class org.springframework.web.servlet.resource.ResourceHttpRequestHandler]
19:55:50.357 [main] INFO  o.s.j.e.a.AnnotationMBeanExporter - Registering beans for JMX exposure on startup
19:55:50.364 [main] INFO  o.s.j.e.a.AnnotationMBeanExporter - Bean with name 'rabbitConnectionFactory' has been autodetected for JMX exposure
19:55:50.368 [main] INFO  o.s.j.e.a.AnnotationMBeanExporter - Located managed bean 'rabbitConnectionFactory': registering with JMX server as MBean [org.springframework.amqp.rabbit.connection:name=rabbitConnectionFactory,type=CachingConnectionFactory]
19:55:50.394 [main] INFO  o.s.c.s.DefaultLifecycleProcessor - Starting beans in phase 2147483647
19:55:50.441 [SimpleAsyncTaskExecutor-1] INFO  o.s.a.r.c.CachingConnectionFactory - Created new connection: rabbitConnectionFactory#f04bda9:0/SimpleConnection@613fc8c3 [delegate=amqp://guest@127.0.0.1:5672/, localPort= 55592]
19:55:50.503 [main] INFO  o.s.s.a.ScheduledAnnotationBeanPostProcessor - No TaskScheduler/ScheduledExecutorService bean found for scheduled processing
19:55:50.514 [main] INFO  o.a.c.h.Http11NioProtocol - Initializing ProtocolHandler ["http-nio-7777"]
19:55:50.525 [main] INFO  o.a.c.h.Http11NioProtocol - Starting ProtocolHandler ["http-nio-7777"]
19:55:50.530 [main] INFO  o.a.t.u.n.NioSelectorPool - Using a shared selector for servlet write/read
19:55:50.753 [main] INFO  o.s.b.c.e.t.TomcatEmbeddedServletContainer - Tomcat started on port(s): 7777 (http)
19:55:50.762 [main] INFO  f.FindhomeApplication - Started FindhomeApplication in 7.986 seconds (JVM running for 9.118)
19:55:51.837 [http-nio-7777-exec-1] INFO  o.a.c.c.C.[.[.[/] - Initializing Spring FrameworkServlet 'dispatcherServlet'
19:55:51.838 [http-nio-7777-exec-1] INFO  o.s.w.s.DispatcherServlet - FrameworkServlet 'dispatcherServlet': initialization started
19:55:51.866 [http-nio-7777-exec-1] INFO  o.s.w.s.DispatcherServlet - FrameworkServlet 'dispatcherServlet': initialization completed in 28 ms
20:01:29.233 [Thread-22] INFO  o.s.b.c.e.AnnotationConfigEmbeddedWebApplicationContext - Closing org.springframework.boot.context.embedded.AnnotationConfigEmbeddedWebApplicationContext@c333c60: startup date [Wed Jun 26 19:55:43 CST 2019]; root of context hierarchy
20:01:29.253 [Thread-22] INFO  o.s.c.s.DefaultLifecycleProcessor - Stopping beans in phase 2147483647
20:01:29.267 [Thread-22] INFO  o.s.a.r.l.SimpleMessageListenerContainer - Waiting for workers to finish.
20:01:29.692 [Thread-22] INFO  o.s.a.r.l.SimpleMessageListenerContainer - Successfully waited for workers to finish.
20:01:29.692 [Thread-22] INFO  o.s.c.s.DefaultLifecycleProcessor - Stopping beans in phase 0
20:01:29.699 [Thread-22] INFO  o.s.j.e.a.AnnotationMBeanExporter - Unregistering JMX-exposed beans on shutdown
20:01:29.699 [Thread-22] INFO  o.s.j.e.a.AnnotationMBeanExporter - Unregistering JMX-exposed beans
20:01:31.119 [Thread-22] INFO  o.s.o.j.LocalContainerEntityManagerFactoryBean - Closing JPA EntityManagerFactory for persistence unit 'default'
